"Start of log file."
"D:/The-Art-of-Game-Design/TAG_Unity_Project_Files/TheArtOfGames/Assets/Meshes/White_Box/WB_Hut_Porch.max"
"Starting max loading and fbx conversion"
window = undefined
"Settings units"
"Before fbx export"
"After fbx export"
"Finished max loading and fbx conversion"
"D:/The-Art-of-Game-Design/TAG_Unity_Project_Files/TheArtOfGames/Assets/Meshes/White_Box/WB_Tree001.max"
"Starting max loading and fbx conversion"
window = undefined
"Settings units"
"Before fbx export"
"After fbx export"
"Finished max loading and fbx conversion"
"D:/The-Art-of-Game-Design/TAG_Unity_Project_Files/TheArtOfGames/Assets/Meshes/White_Box/WB_Log_Pile.max"
"Starting max loading and fbx conversion"
window = undefined
"Settings units"
"Before fbx export"
"After fbx export"
"Finished max loading and fbx conversion"
"D:/The-Art-of-Game-Design/TAG_Unity_Project_Files/TheArtOfGames/Assets/Meshes/White_Box/WB_Tree003.max"
"Starting max loading and fbx conversion"
window = undefined
"Settings units"
"Before fbx export"
"After fbx export"
"Finished max loading and fbx conversion"
"D:/The-Art-of-Game-Design/TAG_Unity_Project_Files/TheArtOfGames/Assets/Meshes/White_Box/WB_Large_Rock002.max"
"Starting max loading and fbx conversion"
window = undefined
"Settings units"
"Before fbx export"
"After fbx export"
"Finished max loading and fbx conversion"
"D:/The-Art-of-Game-Design/TAG_Unity_Project_Files/TheArtOfGames/Assets/Meshes/White_Box/WB_Stone_Slab005.max"
"Starting max loading and fbx conversion"
window = undefined
"Settings units"
"Before fbx export"
"After fbx export"
"Finished max loading and fbx conversion"
"D:/The-Art-of-Game-Design/TAG_Unity_Project_Files/TheArtOfGames/Assets/Meshes/White_Box/WB_Axe_Stump.max"
"Starting max loading and fbx conversion"
window = undefined
"Settings units"
"Before fbx export"
"After fbx export"
"Finished max loading and fbx conversion"
"D:/The-Art-of-Game-Design/TAG_Unity_Project_Files/TheArtOfGames/Assets/Meshes/White_Box/WB_Medium_Rock002.max"
"Starting max loading and fbx conversion"
window = undefined
"Settings units"
"Before fbx export"
"After fbx export"
"Finished max loading and fbx conversion"
"D:/The-Art-of-Game-Design/TAG_Unity_Project_Files/TheArtOfGames/Assets/Meshes/White_Box/WB_Small_Rock001.max"
"Starting max loading and fbx conversion"
window = undefined
"Settings units"
"Before fbx export"
"After fbx export"
"Finished max loading and fbx conversion"
"D:/The-Art-of-Game-Design/TAG_Unity_Project_Files/TheArtOfGames/Assets/Meshes/White_Box/WB_Medium_Rock005.max"
"Starting max loading and fbx conversion"
window = undefined
"Settings units"
"Before fbx export"
"After fbx export"
"Finished max loading and fbx conversion"
"D:/The-Art-of-Game-Design/TAG_Unity_Project_Files/TheArtOfGames/Assets/Meshes/White_Box/WB_Hut_Main.max"
"Starting max loading and fbx conversion"
window = undefined
"Settings units"
"Before fbx export"
"After fbx export"
"Finished max loading and fbx conversion"
"D:/The-Art-of-Game-Design/TAG_Unity_Project_Files/TheArtOfGames/Assets/Meshes/White_Box/WB_Tree004.max"
"Starting max loading and fbx conversion"
window = undefined
"Settings units"
"Before fbx export"
"After fbx export"
"Finished max loading and fbx conversion"
"D:/The-Art-of-Game-Design/TAG_Unity_Project_Files/TheArtOfGames/Assets/Meshes/White_Box/WB_Tree002.max"
"Starting max loading and fbx conversion"
window = undefined
"Settings units"
"Before fbx export"
"After fbx export"
"Finished max loading and fbx conversion"
"D:/The-Art-of-Game-Design/TAG_Unity_Project_Files/TheArtOfGames/Assets/Meshes/White_Box/WB_Oak_Tree002.max"
"Starting max loading and fbx conversion"
window = undefined
"Settings units"
"Before fbx export"
"After fbx export"
"Finished max loading and fbx conversion"
"D:/The-Art-of-Game-Design/TAG_Unity_Project_Files/TheArtOfGames/Assets/Meshes/Scale_Box_One_Unit.max"
"Starting max loading and fbx conversion"
window = undefined
"Settings units"
"Before fbx export"
"After fbx export"
"Finished max loading and fbx conversion"
"D:/The-Art-of-Game-Design/TAG_Unity_Project_Files/TheArtOfGames/Assets/Meshes/White_Box/WB_Small_Rock002.max"
"Starting max loading and fbx conversion"
window = undefined
"Settings units"
"Before fbx export"
"After fbx export"
"Finished max loading and fbx conversion"
"D:/The-Art-of-Game-Design/TAG_Unity_Project_Files/TheArtOfGames/Assets/Meshes/White_Box/WB_Medium_Rock006.max"
"Starting max loading and fbx conversion"
window = undefined
"Settings units"
"Before fbx export"
"After fbx export"
"Finished max loading and fbx conversion"
"D:/The-Art-of-Game-Design/TAG_Unity_Project_Files/TheArtOfGames/Assets/Meshes/White_Box/WB_Stone_Slab006.max"
"Starting max loading and fbx conversion"
window = undefined
"Settings units"
"Before fbx export"
"After fbx export"
"Finished max loading and fbx conversion"
"D:/The-Art-of-Game-Design/TAG_Unity_Project_Files/TheArtOfGames/Assets/Meshes/White_Box/WB_Medium_Rock003.max"
"Starting max loading and fbx conversion"
window = undefined
"Settings units"
"Before fbx export"
"After fbx export"
"Finished max loading and fbx conversion"
"D:/The-Art-of-Game-Design/TAG_Unity_Project_Files/TheArtOfGames/Assets/Meshes/White_Box/WB_Axe.max"
"Starting max loading and fbx conversion"
window = undefined
"Settings units"
"Before fbx export"
"After fbx export"
"Finished max loading and fbx conversion"
"D:/The-Art-of-Game-Design/TAG_Unity_Project_Files/TheArtOfGames/Assets/Meshes/White_Box/WB_Medium_Rock001.max"
"Starting max loading and fbx conversion"
window = undefined
"Settings units"
"Before fbx export"
"After fbx export"
"Finished max loading and fbx conversion"
"D:/The-Art-of-Game-Design/TAG_Unity_Project_Files/TheArtOfGames/Assets/Meshes/White_Box/WB_Tree005.max"
"Starting max loading and fbx conversion"
window = undefined
"Settings units"
"Before fbx export"
"After fbx export"
"Finished max loading and fbx conversion"
"D:/The-Art-of-Game-Design/TAG_Unity_Project_Files/TheArtOfGames/Assets/Meshes/White_Box/WB_Large_Rock001.max"
"Starting max loading and fbx conversion"
window = undefined
"Settings units"
"Before fbx export"
"After fbx export"
"Finished max loading and fbx conversion"
"D:/The-Art-of-Game-Design/TAG_Unity_Project_Files/TheArtOfGames/Assets/Meshes/White_Box/WB_Oak_Tree001.max"
"Starting max loading and fbx conversion"
window = undefined
"Settings units"
"Before fbx export"
"After fbx export"
"Finished max loading and fbx conversion"
"D:/The-Art-of-Game-Design/TAG_Unity_Project_Files/TheArtOfGames/Assets/Meshes/White_Box/WB_Stone_Slab002.max"
"Starting max loading and fbx conversion"
window = undefined
"Settings units"
"Before fbx export"
"After fbx export"
"Finished max loading and fbx conversion"
"D:/The-Art-of-Game-Design/TAG_Unity_Project_Files/TheArtOfGames/Assets/Meshes/White_Box/WB_Steel_Barrel001.max"
"Starting max loading and fbx conversion"
window = undefined
"Settings units"
"Before fbx export"
"After fbx export"
"Finished max loading and fbx conversion"
"D:/The-Art-of-Game-Design/TAG_Unity_Project_Files/TheArtOfGames/Assets/Meshes/White_Box/WB_Stone_Slab003.max"
"Starting max loading and fbx conversion"
window = undefined
"Settings units"
"Before fbx export"
"After fbx export"
"Finished max loading and fbx conversion"
"D:/The-Art-of-Game-Design/TAG_Unity_Project_Files/TheArtOfGames/Assets/Meshes/White_Box/WB_Medium_Rock007.max"
"Starting max loading and fbx conversion"
window = undefined
"Settings units"
"Before fbx export"
"After fbx export"
"Finished max loading and fbx conversion"
"D:/The-Art-of-Game-Design/TAG_Unity_Project_Files/TheArtOfGames/Assets/Meshes/Scale_Box_Two_Unit.max"
"Starting max loading and fbx conversion"
window = undefined
"Settings units"
"Before fbx export"
"After fbx export"
"Finished max loading and fbx conversion"
"D:/The-Art-of-Game-Design/TAG_Unity_Project_Files/TheArtOfGames/Assets/Meshes/White_Box/WB_Stone_Slab001.max"
"Starting max loading and fbx conversion"
window = undefined
"Settings units"
"Before fbx export"
"After fbx export"
"Finished max loading and fbx conversion"
"D:/The-Art-of-Game-Design/TAG_Unity_Project_Files/TheArtOfGames/Assets/Meshes/White_Box/WB_Medium_Rock004.max"
"Starting max loading and fbx conversion"
window = undefined
"Settings units"
"Before fbx export"
"After fbx export"
"Finished max loading and fbx conversion"
"D:/The-Art-of-Game-Design/TAG_Unity_Project_Files/TheArtOfGames/Assets/Meshes/White_Box/WB_Stone_Slab004.max"
"Starting max loading and fbx conversion"
window = undefined
"Settings units"
"Before fbx export"
"After fbx export"
"Finished max loading and fbx conversion"
"D:/The-Art-of-Game-Design/TAG_Unity_Project_Files/TheArtOfGames/Assets/Meshes/White_Box/WB_Tree006.max"
"Starting max loading and fbx conversion"
window = undefined
"Settings units"
"Before fbx export"
"After fbx export"
"Finished max loading and fbx conversion"
"D:/The-Art-of-Game-Design/TAG_Unity_Project_Files/TheArtOfGames/Assets/Meshes/White_Box/WB_Hut_Door.max"
"Starting max loading and fbx conversion"
window = undefined
"Settings units"
"Before fbx export"
"After fbx export"
"Finished max loading and fbx conversion"
"D:/The-Art-of-Game-Design/TAG_Unity_Project_Files/TheArtOfGames/Assets/Meshes/White_Box/WB_Medium_Rock008.max"
"Starting max loading and fbx conversion"
window = undefined
"Settings units"
"Before fbx export"
"After fbx export"
"Finished max loading and fbx conversion"
